#
# A fatal error has been detected by the Java Runtime Environment:
#
#  Internal Error (safepoint.cpp:555), pid=4248, tid=4180
#  Error: Deadlock in safepoint code.  Should have called back to the VM before blocking.
#
# JRE version: 6.0_17-b04
# Java VM: Java HotSpot(TM) 64-Bit Server VM (14.3-b01 mixed mode windows-amd64 )
# If you would like to submit a bug report, please visit:
#   http://java.sun.com/webapps/bugreport/crash.jsp
#

---------------  T H R E A D  ---------------

Current thread (0x000000001cec3800):  JavaThread "main" [_thread_in_native_trans, id=4180, stack(0x0000000000040000,0x0000000004040000)]

Stack: [0x0000000000040000,0x0000000004040000]
[error occurred during error reporting (printing stack bounds), id 0xe0000000]


[error occurred during error reporting (printing native stack), id 0xe0000000]


---------------  P R O C E S S  ---------------

Java Threads: ( => current thread )
  0x000000007eb6a000 JavaThread "Unnamed RequestAggregator Timer" daemon [_thread_blocked, id=4040, stack(0x00000000d6f60000,0x00000000daf60000)]
  0x000000007eb6a800 JavaThread "Explorer NavigationContext request queue" daemon [_thread_blocked, id=4116, stack(0x00000000afff0000,0x00000000b3ff0000)]
  0x000000007eb6d800 JavaThread "Foxtrot Multi Worker Thread Runner #1" daemon [_thread_blocked, id=1908, stack(0x00000000daf60000,0x00000000def60000)]
  0x000000007eb6f000 JavaThread "Timer-2" daemon [_thread_blocked, id=4036, stack(0x0000000126f60000,0x000000012af60000)]
  0x000000007eb69000 JavaThread "com.jniwrapper.NativeResourceCollector" daemon [_thread_blocked, id=7164, stack(0x00000000d2f60000,0x00000000d6f60000)]
  0x000000007eb6c000 JavaThread "Swing-Shell" daemon [_thread_blocked, id=6256, stack(0x000000011ef60000,0x0000000122f60000)]
  0x0000000076934800 JavaThread "Code Analyzer updating thread" [_thread_blocked, id=5940, stack(0x00000000fef60000,0x0000000102f60000)]
  0x0000000076933000 JavaThread "Code Analyzer updating thread" [_thread_blocked, id=5584, stack(0x00000000faf60000,0x00000000fef60000)]
  0x0000000076934000 JavaThread "Code Analyzer updating thread" [_thread_blocked, id=2104, stack(0x00000000f6f60000,0x00000000faf60000)]
  0x0000000076932800 JavaThread "Code Analyzer updating thread" [_thread_blocked, id=1296, stack(0x00000000f2f60000,0x00000000f6f60000)]
  0x000000007692e000 JavaThread "Code Analyzer updating thread" [_thread_blocked, id=240, stack(0x00000000eef60000,0x00000000f2f60000)]
  0x0000000076931000 JavaThread "Code Analyzer updating thread" [_thread_blocked, id=4572, stack(0x00000000eaf60000,0x00000000eef60000)]
  0x000000007692f000 JavaThread "Active Reference Queue Daemon" daemon [_thread_blocked, id=5708, stack(0x00000000e6f60000,0x00000000eaf60000)]
  0x0000000076930800 JavaThread "Timer-1" daemon [_thread_blocked, id=2108, stack(0x00000000e2f60000,0x00000000e6f60000)]
  0x000000007692f800 JavaThread "ClipboardMonitor Timer" daemon [_thread_blocked, id=1980, stack(0x00000000def60000,0x00000000e2f60000)]
  0x000000007236c000 JavaThread "AddressBar directory emptiness poller" daemon [_thread_blocked, id=1988, stack(0x00000000cef60000,0x00000000d2f60000)]
  0x0000000072368000 JavaThread "Explorer Refresh Service 1330256567" daemon [_thread_blocked, id=2060, stack(0x00000000caf60000,0x00000000cef60000)]
  0x000000007236a800 JavaThread "Thread-4" daemon [_thread_blocked, id=6404, stack(0x00000000c6f60000,0x00000000caf60000)]
  0x0000000072367000 JavaThread "TimerQueue" daemon [_thread_blocked, id=6720, stack(0x00000000b3ff0000,0x00000000b7ff0000)]
  0x0000000072367800 JavaThread "Thread-3" daemon [_thread_blocked, id=2836, stack(0x00000000abff0000,0x00000000afff0000)]
  0x00000000722ed800 JavaThread "AWT-EventQueue-0" [_thread_blocked, id=6944, stack(0x00000000a7ff0000,0x00000000abff0000)]
  0x0000000071f04800 JavaThread "AWT-Shutdown" [_thread_blocked, id=1396, stack(0x00000000a3ff0000,0x00000000a7ff0000)]
  0x0000000071e66000 JavaThread "FelixPackageAdmin" daemon [_thread_blocked, id=4812, stack(0x000000009fff0000,0x00000000a3ff0000)]
  0x0000000071caa000 JavaThread "FelixStartLevel" daemon [_thread_blocked, id=4484, stack(0x000000009bff0000,0x000000009fff0000)]
  0x000000006eb2d000 JavaThread "FelixDispatchQueue" daemon [_thread_blocked, id=6992, stack(0x0000000093ff0000,0x0000000097ff0000)]
  0x0000000071cd1000 JavaThread "com.google.common.base.internal.Finalizer" daemon [_thread_blocked, id=5144, stack(0x0000000097ff0000,0x000000009bff0000)]
  0x0000000071c55800 JavaThread "AWT-Windows" daemon [_thread_blocked, id=2964, stack(0x000000008fff0000,0x0000000093ff0000)]
  0x0000000071c54800 JavaThread "Java2D Disposer" daemon [_thread_blocked, id=6348, stack(0x0000000087ff0000,0x000000008bff0000)]
  0x0000000071767000 JavaThread "Timer-0" [_thread_blocked, id=3300, stack(0x0000000083ff0000,0x0000000087ff0000)]
  0x000000006f21a000 JavaThread "EventMgr Dispatcher" daemon [_thread_in_native, id=6084, stack(0x000000007fff0000,0x0000000083ff0000)]
  0x000000004e330000 JavaThread "Low Memory Detector" daemon [_thread_blocked, id=3508, stack(0x0000000066470000,0x000000006a470000)]
  0x000000004e328000 JavaThread "CompilerThread1" daemon [_thread_blocked, id=4052, stack(0x0000000062470000,0x0000000066470000)]
  0x000000004e325000 JavaThread "CompilerThread0" daemon [_thread_blocked, id=5292, stack(0x000000005e470000,0x0000000062470000)]
  0x000000004e324000 JavaThread "Attach Listener" daemon [_thread_blocked, id=6756, stack(0x000000005a470000,0x000000005e470000)]
  0x000000004e2f4800 JavaThread "Finalizer" daemon [_thread_blocked, id=2840, stack(0x0000000056470000,0x000000005a470000)]
  0x000000001cf9c800 JavaThread "Reference Handler" daemon [_thread_blocked, id=4744, stack(0x0000000052470000,0x0000000056470000)]
=>0x000000001cec3800 JavaThread "main" [_thread_in_native_trans, id=4180, stack(0x0000000000040000,0x0000000004040000)]

Other Threads:
  0x000000004e2f2000 VMThread [stack: 0x000000004e470000,0x0000000052470000] [id=5536]
  0x000000004e369000 WatcherThread [stack: 0x000000006a470000,0x000000006e470000] [id=3824]

VM state:synchronizing (normal execution)

VM Mutex/Monitor currently owned by a thread:  ([mutex/lock_event])
[0x000000001cebfba0] Threads_lock - owner thread: 0x000000004e2f2000
[0x000000001cebfb20] JNIGlobalHandle_lock - owner thread: 0x000000001cec3800
[0x000000001cec0220] Heap_lock - owner thread: 0x000000007eb6a800

Heap
 PSYoungGen      total 24704K, used 24649K [0x000000003b170000, 0x000000003d270000, 0x000000003e270000)
  eden space 22656K, 100% used [0x000000003b170000,0x000000003c790000,0x000000003c790000)
  from space 2048K, 97% used [0x000000003c810000,0x000000003ca02750,0x000000003ca10000)
  to   space 5568K, 0% used [0x000000003cd00000,0x000000003cd00000,0x000000003d270000)
 PSOldGen        total 91072K, used 58629K [0x0000000031e70000, 0x0000000037760000, 0x000000003b170000)
  object space 91072K, 64% used [0x0000000031e70000,0x00000000357b1790,0x0000000037760000)
 PSPermGen       total 131072K, used 73307K [0x0000000029e70000, 0x0000000031e70000, 0x0000000031e70000)
  object space 131072K, 55% used [0x0000000029e70000,0x000000002e606e10,0x0000000031e70000)

Dynamic libraries:
0x0000000140000000 - 0x0000000140028000 	C:\Program Files\MATLAB\R2013a\bin\win64\MATLAB.exe
0x00007fff79640000 - 0x00007fff797ea000 	C:\Windows\SYSTEM32\ntdll.dll
0x00007fff78e40000 - 0x00007fff78f7a000 	C:\Windows\system32\KERNEL32.DLL
0x00007fff76bd0000 - 0x00007fff76cdf000 	C:\Windows\system32\KERNELBASE.dll
0x0000000074460000 - 0x0000000074515000 	C:\Program Files\MATLAB\R2013a\bin\win64\libut.dll
0x0000000073f70000 - 0x0000000074112000 	C:\Program Files\MATLAB\R2013a\bin\win64\libmwfl.dll
0x0000000180000000 - 0x000000018032f000 	C:\Program Files\MATLAB\R2013a\bin\win64\libmwservices.dll
0x0000000074970000 - 0x0000000074a18000 	C:\Program Files\MATLAB\R2013a\bin\win64\mcr.dll
0x0000000004260000 - 0x00000000043b6000 	C:\Program Files\MATLAB\R2013a\bin\win64\mvm.dll
0x0000000071360000 - 0x00000000713f8000 	C:\Program Files\MATLAB\R2013a\bin\win64\MSVCP100.dll
0x0000000071280000 - 0x0000000071352000 	C:\Program Files\MATLAB\R2013a\bin\win64\MSVCR100.dll
0x00000000758a0000 - 0x000000007595f000 	C:\Program Files\MATLAB\R2013a\bin\win64\libmwi18n.dll
0x0000000004090000 - 0x00000000040b1000 	C:\Program Files\MATLAB\R2013a\bin\win64\libmwmfl_scalar.dll
0x0000000071270000 - 0x0000000071279000 	C:\Program Files\MATLAB\R2013a\bin\win64\boost_system-vc100-mt-1_49.dll
0x0000000071250000 - 0x0000000071261000 	C:\Program Files\MATLAB\R2013a\bin\win64\boost_thread-vc100-mt-1_49.dll
0x00007fff656d0000 - 0x00007fff6575c000 	C:\Program Files\MATLAB\R2013a\bin\win64\boost_log-vc100-mt-1_49.dll
0x0000000071110000 - 0x000000007124e000 	C:\Program Files\MATLAB\R2013a\bin\win64\icuuc49.dll
0x0000000071100000 - 0x0000000071110000 	C:\Program Files\MATLAB\R2013a\bin\win64\icuio49.dll
0x00007fff6aee0000 - 0x00007fff6af13000 	C:\Program Files\MATLAB\R2013a\bin\win64\tbb.dll
0x00007fff79630000 - 0x00007fff79637000 	C:\Windows\system32\PSAPI.DLL
0x00007fff691c0000 - 0x00007fff69348000 	C:\Windows\SYSTEM32\dbghelp.dll
0x00007fff79400000 - 0x00007fff794a5000 	C:\Windows\system32\ADVAPI32.dll
0x00007fff78fe0000 - 0x00007fff79151000 	C:\Windows\system32\USER32.dll
0x0000000000020000 - 0x000000000002d000 	C:\Program Files\MATLAB\R2013a\bin\win64\libmwresource_core.dll
0x000000007a350000 - 0x000000007a737000 	C:\Program Files\MATLAB\R2013a\bin\win64\libmwMATLAB_res.dll
0x00000000710f0000 - 0x00000000710fe000 	C:\Program Files\MATLAB\R2013a\bin\win64\boost_date_time-vc100-mt-1_49.dll
0x00000000710c0000 - 0x00000000710ec000 	C:\Program Files\MATLAB\R2013a\bin\win64\boost_filesystem-vc100-mt-1_49.dll
0x0000000070fe0000 - 0x00000000710bf000 	C:\Program Files\MATLAB\R2013a\bin\win64\boost_regex-vc100-mt-1_49.dll
0x0000000070fc0000 - 0x0000000070fd1000 	C:\Program Files\MATLAB\R2013a\bin\win64\boost_signals-vc100-mt-1_49.dll
0x00007fff773b0000 - 0x00007fff773c5000 	C:\Windows\system32\imagehlp.dll
0x00007fff764a0000 - 0x00007fff764e5000 	C:\Windows\SYSTEM32\POWRPROF.dll
0x0000000075a20000 - 0x0000000075b0b000 	C:\Program Files\MATLAB\R2013a\bin\win64\libmx.dll
0x00000000043c0000 - 0x000000000440e000 	C:\Program Files\MATLAB\R2013a\bin\win64\libmwregexp.dll
0x0000000075f10000 - 0x0000000075f57000 	C:\Program Files\MATLAB\R2013a\bin\win64\mpath.dll
0x000000007b680000 - 0x000000007bc66000 	C:\Program Files\MATLAB\R2013a\bin\win64\mlutil.dll
0x0000000004410000 - 0x0000000004432000 	C:\Program Files\MATLAB\R2013a\bin\win64\libmwMATLAB_settings_res.dll
0x00000000040c0000 - 0x00000000040c6000 	C:\Program Files\MATLAB\R2013a\bin\win64\libmwnativedisplay.dll
0x00007fff6c200000 - 0x00007fff6c210000 	C:\Program Files\MATLAB\R2013a\bin\win64\boost_iostreams-vc100-mt-1_49.dll
0x00007fff69510000 - 0x00007fff69556000 	C:\Program Files\MATLAB\R2013a\bin\win64\boost_serialization-vc100-mt-1_49.dll
0x00007fff76b20000 - 0x00007fff76bc1000 	C:\Windows\WinSxS\amd64_microsoft.windows.common-controls_6595b64144ccf1df_5.82.9600.16384_none_34a8918f959016ea\COMCTL32.dll
0x00007fff79160000 - 0x00007fff791fa000 	C:\Windows\system32\COMDLG32.dll
0x00007fff72900000 - 0x00007fff72915000 	C:\Windows\SYSTEM32\NETAPI32.dll
0x00007fff770c0000 - 0x00007fff77118000 	C:\Windows\system32\WS2_32.dll
0x0000000070d70000 - 0x0000000070fb1000 	C:\Program Files\MATLAB\R2013a\bin\win64\xerces-c_2_7.dll
0x00007fff775e0000 - 0x00007fff789f7000 	C:\Windows\system32\SHELL32.dll
0x00007fff794b0000 - 0x00007fff79628000 	C:\Windows\system32\ole32.dll
0x00007fff773d0000 - 0x00007fff77487000 	C:\Windows\system32\OLEAUT32.dll
0x0000000075000000 - 0x00000000753b1000 	C:\Program Files\MATLAB\R2013a\bin\win64\iqm.dll
0x0000000079fb0000 - 0x0000000079fdf000 	C:\Program Files\MATLAB\R2013a\bin\win64\libmwbridge.dll
0x0000000004440000 - 0x0000000004464000 	C:\Program Files\MATLAB\R2013a\bin\win64\libmex.dll
0x0000000074e80000 - 0x0000000074f30000 	C:\Program Files\MATLAB\R2013a\bin\win64\m_dispatcher.dll
0x000000007b0a0000 - 0x000000007b2f6000 	C:\Program Files\MATLAB\R2013a\bin\win64\mcos.dll
0x0000000073cc0000 - 0x0000000073e0e000 	C:\Program Files\MATLAB\R2013a\bin\win64\libmwgui.dll
0x0000000004470000 - 0x0000000004db3000 	C:\Program Files\MATLAB\R2013a\bin\win64\hg.dll
0x0000000004dc0000 - 0x0000000004eab000 	C:\Program Files\MATLAB\R2013a\bin\win64\hgutils.dll
0x0000000004eb0000 - 0x00000000056b8000 	C:\Program Files\MATLAB\R2013a\bin\win64\m_interpreter.dll
0x0000000075710000 - 0x00000000757d8000 	C:\Program Files\MATLAB\R2013a\bin\win64\jmi.dll
0x00000000056c0000 - 0x000000000576e000 	C:\Program Files\MATLAB\R2013a\bin\win64\udd_mi.dll
0x0000000005770000 - 0x0000000005a3e000 	C:\Program Files\MATLAB\R2013a\bin\win64\uiw.dll
0x000000007a1f0000 - 0x000000007a20d000 	C:\Program Files\MATLAB\R2013a\bin\win64\mwoles05.DLL
0x0000000005a40000 - 0x0000000005aac000 	C:\Program Files\MATLAB\R2013a\bin\win64\comcli.dll
0x00000000040d0000 - 0x00000000040dc000 	C:\Program Files\MATLAB\R2013a\bin\win64\mlautoregister.dll
0x00007fff78c90000 - 0x00007fff78dd5000 	C:\Windows\system32\GDI32.dll
0x0000000070d40000 - 0x0000000070d65000 	C:\Program Files\MATLAB\R2013a\bin\win64\LIBEXPAT.dll
0x0000000070bb0000 - 0x0000000070d3a000 	C:\Program Files\MATLAB\R2013a\bin\win64\icuin49.dll
0x000000006fa80000 - 0x0000000070ba2000 	C:\Program Files\MATLAB\R2013a\bin\win64\icudt49.dll
0x00007fff77300000 - 0x00007fff773a7000 	C:\Windows\system32\msvcrt.dll
0x00007fff79200000 - 0x00007fff79257000 	C:\Windows\SYSTEM32\sechost.dll
0x00007fff76ec0000 - 0x00007fff76ff6000 	C:\Windows\system32\RPCRT4.dll
0x00007fff690f0000 - 0x00007fff69118000 	C:\Program Files\MATLAB\R2013a\bin\win64\tbbmalloc.dll
0x000000006fa60000 - 0x000000006fa77000 	C:\Program Files\MATLAB\R2013a\bin\win64\zlib1.dll
0x00000000754d0000 - 0x0000000075547000 	C:\Program Files\MATLAB\R2013a\bin\win64\xmlcore.dll
0x00007fff78c30000 - 0x00007fff78c81000 	C:\Windows\system32\SHLWAPI.dll
0x00007fff76010000 - 0x00007fff7601c000 	C:\Windows\SYSTEM32\netutils.dll
0x00007fff76690000 - 0x00007fff766b5000 	C:\Windows\SYSTEM32\srvcli.dll
0x00007fff728c0000 - 0x00007fff728d6000 	C:\Windows\SYSTEM32\wkscli.dll
0x00007fff78be0000 - 0x00007fff78be9000 	C:\Windows\system32\NSI.dll
0x00007fff77120000 - 0x00007fff772f6000 	C:\Windows\SYSTEM32\combase.dll
0x0000000074f40000 - 0x0000000074ff6000 	C:\Program Files\MATLAB\R2013a\bin\win64\udd.dll
0x0000000005ae0000 - 0x0000000005b04000 	C:\Program Files\MATLAB\R2013a\bin\win64\graphics_util.dll
0x0000000076100000 - 0x000000007615a000 	C:\Program Files\MATLAB\R2013a\bin\win64\libmat.dll
0x00000000761c0000 - 0x0000000076200000 	C:\Program Files\MATLAB\R2013a\bin\win64\libmwhardcopy.dll
0x0000000075c70000 - 0x0000000075cce000 	C:\Program Files\MATLAB\R2013a\bin\win64\libuij.dll
0x0000000072f50000 - 0x000000007318f000 	C:\Program Files\MATLAB\R2013a\bin\win64\hgdatatypes.dll
0x0000000075820000 - 0x000000007589e000 	C:\Program Files\MATLAB\R2013a\bin\win64\libmwlapack.dll
0x0000000005b10000 - 0x0000000005b46000 	C:\Program Files\MATLAB\R2013a\bin\win64\libmwgbtutils.dll
0x0000000005b50000 - 0x0000000005b64000 	C:\Program Files\MATLAB\R2013a\bin\win64\libmwgbt.dll
0x000000006f500000 - 0x000000006fa5d000 	C:\Program Files\MATLAB\R2013a\bin\win64\mfc100.dll
0x00007fff73c40000 - 0x00007fff73cbb000 	C:\Windows\SYSTEM32\WINSPOOL.DRV
0x0000000075430000 - 0x00000000754ab000 	C:\Program Files\MATLAB\R2013a\bin\win64\profiler.dll
0x0000000005b70000 - 0x0000000005df3000 	C:\Program Files\MATLAB\R2013a\bin\win64\libmwmathutil.dll
0x0000000079f40000 - 0x0000000079f66000 	C:\Program Files\MATLAB\R2013a\bin\win64\libmwmathrng.dll
0x000000007a1b0000 - 0x000000007a1d0000 	C:\Program Files\MATLAB\R2013a\bin\win64\m_pcodeio.dll
0x0000000079b10000 - 0x0000000079b6c000 	C:\Program Files\MATLAB\R2013a\bin\win64\m_ir.dll
0x0000000078ed0000 - 0x0000000079579000 	C:\Program Files\MATLAB\R2013a\bin\win64\m_parser.dll
0x000000007a130000 - 0x000000007a158000 	C:\Program Files\MATLAB\R2013a\bin\win64\m_pcodegen.dll
0x0000000005e00000 - 0x0000000005e63000 	C:\Program Files\MATLAB\R2013a\bin\win64\libmwspmatrix.dll
0x0000000005e70000 - 0x0000000005e7e000 	C:\Program Files\MATLAB\R2013a\bin\win64\nativejava_services.dll
0x0000000005e80000 - 0x0000000005e89000 	C:\Program Files\MATLAB\R2013a\bin\win64\uinone.dll
0x0000000005e90000 - 0x0000000005eb6000 	C:\Program Files\MATLAB\R2013a\bin\win64\libmwnativefiledialogs.dll
0x00007fff6ec50000 - 0x00007fff6ec6b000 	C:\Windows\SYSTEM32\MPR.dll
0x000000006f4d0000 - 0x000000006f4fb000 	C:\Program Files\MATLAB\R2013a\bin\win64\ATL100.DLL
0x00007fff64cf0000 - 0x00007fff64da8000 	C:\Program Files\MATLAB\R2013a\bin\win64\libtex_base.dll
0x0000000072d30000 - 0x0000000072f38000 	C:\Program Files\MATLAB\R2013a\bin\win64\hdf5dll.dll
0x000000007a310000 - 0x000000007a325000 	C:\Program Files\MATLAB\R2013a\bin\win64\libmwbinder.dll
0x0000000005ee0000 - 0x0000000005eeb000 	C:\Program Files\MATLAB\R2013a\bin\win64\libmwompwrapper.dll
0x00007fff75350000 - 0x00007fff75357000 	C:\Windows\SYSTEM32\MSIMG32.dll
0x0000000005ef0000 - 0x0000000005f00000 	C:\Program Files\MATLAB\R2013a\bin\win64\libmwmfl_rng.dll
0x0000000074c10000 - 0x0000000074cf8000 	C:\Program Files\MATLAB\R2013a\bin\win64\libmwmathcore.dll
0x000000007a2f0000 - 0x000000007a307000 	C:\Program Files\MATLAB\R2013a\bin\win64\ir_xfmr.dll
0x0000000005f00000 - 0x0000000005f10000 	C:\Program Files\MATLAB\R2013a\bin\win64\mtok.dll
0x0000000005f10000 - 0x0000000005f1c000 	C:\Program Files\MATLAB\R2013a\bin\win64\libmwplatform_res.dll
0x00007fff74fd0000 - 0x00007fff7506f000 	C:\Windows\SYSTEM32\SHCORE.DLL
0x0000000075ea0000 - 0x0000000075f02000 	C:\Program Files\MATLAB\R2013a\bin\win64\libmwcholmod.dll
0x0000000005f40000 - 0x0000000005f4d000 	C:\Program Files\MATLAB\R2013a\bin\win64\libmwamd.dll
0x0000000005f50000 - 0x0000000005f5c000 	C:\Program Files\MATLAB\R2013a\bin\win64\libmwcolamd.dll
0x000000007a290000 - 0x000000007a2a3000 	C:\Program Files\MATLAB\R2013a\bin\win64\libmwblas.dll
0x000000006f420000 - 0x000000006f4c3000 	C:\Windows\WinSxS\amd64_microsoft.vc90.crt_1fc8b3b9a1e18e3b_9.0.30729.8387_none_08e793bfa83a89b5\MSVCR90.dll
0x00007fff78bf0000 - 0x00007fff78c24000 	C:\Windows\system32\IMM32.DLL
0x00007fff774a0000 - 0x00007fff775d9000 	C:\Windows\system32\MSCTF.dll
0x00007fff75660000 - 0x00007fff75781000 	C:\Windows\SYSTEM32\UxTheme.dll
0x00007fff75580000 - 0x00007fff755a0000 	C:\Windows\system32\dwmapi.dll
0x000000006f410000 - 0x000000006f41d000 	C:\Program Files\MATLAB\R2013a\bin\win64\MFC100ENU.DLL
0x0000000008310000 - 0x000000000835e000 	C:\Program Files\MATLAB\R2013a\bin\win64\MVMLocal.dll
0x00007fff769b0000 - 0x00007fff769c4000 	C:\Windows\SYSTEM32\profapi.dll
0x0000000006090000 - 0x000000000609d000 	C:\Program Files\MATLAB\R2013a\bin\win64\xmlxrcsc.dll
0x00007fff75790000 - 0x00007fff7579a000 	C:\Windows\SYSTEM32\kernel.appcore.dll
0x00007fff768f0000 - 0x00007fff768fa000 	C:\Windows\SYSTEM32\CRYPTBASE.dll

VM Arguments:
jvm_args: -XX:PermSize=32m -Xms64m -XX:NewRatio=3 -XX:MaxPermSize=128m -Xmx196m -XX:MaxDirectMemorySize=2147400000 -Dsun.java2d.noddraw=true -Dsun.awt.nopixfmt=true -Xshare:off -Xrs -Dsun.awt.disableMixing=true -Djava.library.path=C:\Program Files\MATLAB\R2013a\bin\win64;C:\Program Files\MATLAB\R2013a\sys\jxbrowser\win64\lib vfprintf abort 
java_command: <unknown>
Launcher Type: generic

Environment Variables:
PATH=C:\Program Files\MATLAB\R2013a\bin\win64;C:\Program Files\MATLAB\R2013a\bin\win64;C:\Program Files (x86)\Common Files\Intel\Shared Files\cpp\bin\Intel64;C:\ProgramData\Oracle\Java\javapath;C:\Windows\system32;C:\Windows;C:\Windows\System32\Wbem;C:\Windows\System32\WindowsPowerShell\v1.0\;C:\Program Files (x86)\Microsoft SQL Server\100\Tools\Binn\;C:\Program Files\Microsoft SQL Server\100\Tools\Binn\;C:\Program Files\Microsoft SQL Server\100\DTS\Binn\;C:\Program Files\MATLAB\R2013a\runtime\win64;C:\Program Files\MATLAB\R2013a\bin;C:\Program Files (x86)\Skype\Phone\
USERNAME=Admin
OS=Windows_NT
PROCESSOR_IDENTIFIER=Intel64 Family 6 Model 69 Stepping 1, GenuineIntel



---------------  S Y S T E M  ---------------

OS: Windows NT 6.2 Build 9200 

CPU:total 4 (8 cores per cpu, 2 threads per core) family 6 model 69 stepping 1, cmov, cx8, fxsr, mmx, sse, sse2, sse3, ssse3, sse4.1, sse4.2, ht

Memory: 4k page, physical 4074908k(734384k free), swap 6959984k(2262272k free)

vm_info: Java HotSpot(TM) 64-Bit Server VM (14.3-b01) for windows-amd64 JRE (1.6.0_17-b04), built on Oct 11 2009 00:46:08 by "java_re" with MS VC++ 8.0

time: Fri May 26 20:13:30 2017
elapsed time: 2528 seconds

